# JRE version: Java(TM) SE Runtime Environment (8.0_172-b11) (build 1.8.0_172-b11)
# Java VM: Java HotSpot(TM) 64-Bit Server VM (25.172-b11 mixed mode windows-amd64 compressed oops)
Heap:
 PSYoungGen      total 492544K, used 91113K [0x00000000d5580000, 0x00000000ff200000, 0x0000000100000000)
  eden space 296448K, 16% used [0x00000000d5580000,0x00000000d8490040,0x00000000e7700000)
  from space 196096K, 21% used [0x00000000f3280000,0x00000000f5c6a6c0,0x00000000ff200000)
  to   space 192000K, 0% used [0x00000000e7700000,0x00000000e7700000,0x00000000f3280000)
 ParOldGen       total 1398272K, used 554763K [0x0000000080000000, 0x00000000d5580000, 0x00000000d5580000)
  object space 1398272K, 39% used [0x0000000080000000,0x00000000a1dc2ea8,0x00000000d5580000)
 Metaspace       used 12516K, capacity 12736K, committed 13056K, reserved 1060864K
  class space    used 1362K, capacity 1450K, committed 1536K, reserved 1048576K
GC Heap History (10 events):
Event: 438.815 GC heap before
{Heap before GC invocations=356 (full 40):
 PSYoungGen      total 476160K, used 133981K [0x00000000d5580000, 0x00000000ff200000, 0x0000000100000000)
  eden space 280064K, 0% used [0x00000000d5580000,0x00000000d5580000,0x00000000e6700000)
  from space 196096K, 68% used [0x00000000f3280000,0x00000000fb5574f0,0x00000000ff200000)
  to   space 202240K, 0% used [0x00000000e6700000,0x00000000e6700000,0x00000000f2c80000)
 ParOldGen       total 1398272K, used 1256678K [0x0000000080000000, 0x00000000d5580000, 0x00000000d5580000)
  object space 1398272K, 89% used [0x0000000080000000,0x00000000ccb39b18,0x00000000d5580000)
 Metaspace       used 12516K, capacity 12736K, committed 13056K, reserved 1060864K
  class space    used 1362K, capacity 1450K, committed 1536K, reserved 1048576K
Event: 440.894 GC heap after
Heap after GC invocations=356 (full 40):
 PSYoungGen      total 476160K, used 0K [0x00000000d5580000, 0x00000000ff200000, 0x0000000100000000)
  eden space 280064K, 0% used [0x00000000d5580000,0x00000000d5580000,0x00000000e6700000)
  from space 196096K, 0% used [0x00000000f3280000,0x00000000f3280000,0x00000000ff200000)
  to   space 202240K, 0% used [0x00000000e6700000,0x00000000e6700000,0x00000000f2c80000)
 ParOldGen       total 1398272K, used 253210K [0x0000000080000000, 0x00000000d5580000, 0x00000000d5580000)
  object space 1398272K, 18% used [0x0000000080000000,0x000000008f746990,0x00000000d5580000)
 Metaspace       used 12516K, capacity 12736K, committed 13056K, reserved 1060864K
  class space    used 1362K, capacity 1450K, committed 1536K, reserved 1048576K
}
Event: 441.197 GC heap before
{Heap before GC invocations=357 (full 40):
 PSYoungGen      total 476160K, used 280064K [0x00000000d5580000, 0x00000000ff200000, 0x0000000100000000)
  eden space 280064K, 100% used [0x00000000d5580000,0x00000000e6700000,0x00000000e6700000)
  from space 196096K, 0% used [0x00000000f3280000,0x00000000f3280000,0x00000000ff200000)
  to   space 202240K, 0% used [0x00000000e6700000,0x00000000e6700000,0x00000000f2c80000)
 ParOldGen       total 1398272K, used 253210K [0x0000000080000000, 0x00000000d5580000, 0x00000000d5580000)
  object space 1398272K, 18% used [0x0000000080000000,0x000000008f746990,0x00000000d5580000)
 Metaspace       used 12516K, capacity 12736K, committed 13056K, reserved 1060864K
  class space    used 1362K, capacity 1450K, committed 1536K, reserved 1048576K
Event: 441.366 GC heap after
Heap after GC invocations=357 (full 40):
 PSYoungGen      total 482304K, used 134549K [0x00000000d5580000, 0x00000000ff200000, 0x0000000100000000)
  eden space 280064K, 0% used [0x00000000d5580000,0x00000000d5580000,0x00000000e6700000)
  from space 202240K, 66% used [0x00000000e6700000,0x00000000eea65698,0x00000000f2c80000)
  to   space 196096K, 0% used [0x00000000f3280000,0x00000000f3280000,0x00000000ff200000)
 ParOldGen       total 1398272K, used 253210K [0x0000000080000000, 0x00000000d5580000, 0x00000000d5580000)
  object space 1398272K, 18% used [0x0000000080000000,0x000000008f746990,0x00000000d5580000)
 Metaspace       used 12516K, capacity 12736K, committed 13056K, reserved 1060864K
  class space    used 1362K, capacity 1450K, committed 1536K, reserved 1048576K
}
Event: 442.959 GC heap before
{Heap before GC invocations=358 (full 40):
 PSYoungGen      total 482304K, used 414613K [0x00000000d5580000, 0x00000000ff200000, 0x0000000100000000)
  eden space 280064K, 100% used [0x00000000d5580000,0x00000000e6700000,0x00000000e6700000)
  from space 202240K, 66% used [0x00000000e6700000,0x00000000eea65698,0x00000000f2c80000)
  to   space 196096K, 0% used [0x00000000f3280000,0x00000000f3280000,0x00000000ff200000)
 ParOldGen       total 1398272K, used 253210K [0x0000000080000000, 0x00000000d5580000, 0x00000000d5580000)
  object space 1398272K, 18% used [0x0000000080000000,0x000000008f746990,0x00000000d5580000)
 Metaspace       used 12516K, capacity 12736K, committed 13056K, reserved 1060864K
  class space    used 1362K, capacity 1450K, committed 1536K, reserved 1048576K
Event: 443.185 GC heap after
Heap after GC invocations=358 (full 40):
 PSYoungGen      total 492544K, used 78166K [0x00000000d5580000, 0x00000000ff200000, 0x0000000100000000)
  eden space 296448K, 0% used [0x00000000d5580000,0x00000000d5580000,0x00000000e7700000)
  from space 196096K, 39% used [0x00000000f3280000,0x00000000f7ed5830,0x00000000ff200000)
  to   space 192000K, 0% used [0x00000000e7700000,0x00000000e7700000,0x00000000f3280000)
 ParOldGen       total 1398272K, used 326522K [0x0000000080000000, 0x00000000d5580000, 0x00000000d5580000)
  object space 1398272K, 23% used [0x0000000080000000,0x0000000093ede990,0x00000000d5580000)
 Metaspace       used 12516K, capacity 12736K, committed 13056K, reserved 1060864K
  class space    used 1362K, capacity 1450K, committed 1536K, reserved 1048576K
}
Event: 443.369 GC heap before
{Heap before GC invocations=359 (full 40):
 PSYoungGen      total 492544K, used 374614K [0x00000000d5580000, 0x00000000ff200000, 0x0000000100000000)
  eden space 296448K, 100% used [0x00000000d5580000,0x00000000e7700000,0x00000000e7700000)
  from space 196096K, 39% used [0x00000000f3280000,0x00000000f7ed5830,0x00000000ff200000)
  to   space 192000K, 0% used [0x00000000e7700000,0x00000000e7700000,0x00000000f3280000)
 ParOldGen       total 1398272K, used 326522K [0x0000000080000000, 0x00000000d5580000, 0x00000000d5580000)
  object space 1398272K, 23% used [0x0000000080000000,0x0000000093ede990,0x00000000d5580000)
 Metaspace       used 12516K, capacity 12736K, committed 13056K, reserved 1060864K
  class space    used 1362K, capacity 1450K, committed 1536K, reserved 1048576K
Event: 443.679 GC heap after
Heap after GC invocations=359 (full 40):
 PSYoungGen      total 488448K, used 183934K [0x00000000d5580000, 0x00000000ff200000, 0x0000000100000000)
  eden space 296448K, 0% used [0x00000000d5580000,0x00000000d5580000,0x00000000e7700000)
  from space 192000K, 95% used [0x00000000e7700000,0x00000000f2a9f928,0x00000000f3280000)
  to   space 196096K, 0% used [0x00000000f3280000,0x00000000f3280000,0x00000000ff200000)
 ParOldGen       total 1398272K, used 388162K [0x0000000080000000, 0x00000000d5580000, 0x00000000d5580000)
  object space 1398272K, 27% used [0x0000000080000000,0x0000000097b10990,0x00000000d5580000)
 Metaspace       used 12516K, capacity 12736K, committed 13056K, reserved 1060864K
  class space    used 1362K, capacity 1450K, committed 1536K, reserved 1048576K
}
Event: 445.951 GC heap before
{Heap before GC invocations=360 (full 40):
 PSYoungGen      total 488448K, used 479025K [0x00000000d5580000, 0x00000000ff200000, 0x0000000100000000)
  eden space 296448K, 99% used [0x00000000d5580000,0x00000000e75acd98,0x00000000e7700000)
  from space 192000K, 95% used [0x00000000e7700000,0x00000000f2a9f928,0x00000000f3280000)
  to   space 196096K, 0% used [0x00000000f3280000,0x00000000f3280000,0x00000000ff200000)
 ParOldGen       total 1398272K, used 388162K [0x0000000080000000, 0x00000000d5580000, 0x00000000d5580000)
  object space 1398272K, 27% used [0x0000000080000000,0x0000000097b10990,0x00000000d5580000)
 Metaspace       used 12516K, capacity 12736K, committed 13056K, reserved 1060864K
  class space    used 1362K, capacity 1450K, committed 1536K, reserved 1048576K
Event: 446.274 GC heap after
Heap after GC invocations=360 (full 40):
 PSYoungGen      total 492544K, used 42921K [0x00000000d5580000, 0x00000000ff200000, 0x0000000100000000)
  eden space 296448K, 0% used [0x00000000d5580000,0x00000000d5580000,0x00000000e7700000)
  from space 196096K, 21% used [0x00000000f3280000,0x00000000f5c6a6c0,0x00000000ff200000)
  to   space 192000K, 0% used [0x00000000e7700000,0x00000000e7700000,0x00000000f3280000)
 ParOldGen       total 1398272K, used 554763K [0x0000000080000000, 0x00000000d5580000, 0x00000000d5580000)
  object space 1398272K, 39% used [0x0000000080000000,0x00000000a1dc2ea8,0x00000000d5580000)
 Metaspace       used 12516K, capacity 12736K, committed 13056K, reserved 1060864K
  class space    used 1362K, capacity 1450K, committed 1536K, reserved 1048576K
}

